source_codes/drum_machine/build/app/outputs/mapping/release/mapping.txt
# compiler: R8
# compiler_version: 1.5.64
# min_api: 16
# pg_map_id: 819a37f
...
io.flutter.embedding.engine.systemchannels.DeferredComponentChannel$1 -> io.flutter.embedding.engine.j.c$a:
    io.flutter.embedding.engine.systemchannels.DeferredComponentChannel this$0 -> a
    void onMethodCall(io.flutter.plugin.common.MethodCall,io.flutter.plugin.common.MethodChannel$Result) -> a
io.flutter.embedding.engine.systemchannels.KeyEventChannel -> io.flutter.embedding.engine.j.d:
    io.flutter.plugin.common.BasicMessageChannel channel -> a
    io.flutter.plugin.common.BasicMessageChannel$Reply createReplyHandler(io.flutter.embedding.engine.systemchannels.KeyEventChannel$EventResponseHandler) -> a
    java.util.Map encodeKeyEvent(io.flutter.embedding.engine.systemchannels.KeyEventChannel$FlutterKeyEvent,boolean) -> a
    void lambda$createReplyHandler$0(io.flutter.embedding.engine.systemchannels.KeyEventChannel$EventResponseHandler,java.lang.Object) -> a
    void sendFlutterKeyEvent(io.flutter.embedding.engine.systemchannels.KeyEventChannel$FlutterKeyEvent,boolean,io.flutter.embedding.engine.systemchannels.KeyEventChannel$EventResponseHandler) -> a
io.flutter.embedding.engine.systemchannels.KeyEventChannel$EventResponseHandler -> io.flutter.embedding.engine.j.d$a:
    void onFrameworkResponse(boolean) -> a
io.flutter.embedding.engine.systemchannels.KeyEventChannel$FlutterKeyEvent -> io.flutter.embedding.engine.j.d$b:
    android.view.KeyEvent event -> a
    java.lang.Character complexCharacter -> b
io.flutter.embedding.engine.systemchannels.LifecycleChannel -> io.flutter.embedding.engine.j.e:
    io.flutter.plugin.common.BasicMessageChannel channel -> a
    void appIsDetached() -> a
    void appIsInactive() -> b
    void appIsPaused() -> c
    void appIsResumed() -> d
io.flutter.embedding.engine.systemchannels.LocalizationChannel -> io.flutter.embedding.engine.j.f:
    io.flutter.plugin.common.MethodChannel$MethodCallHandler handler -> c
    io.flutter.plugin.common.MethodChannel channel -> a
    io.flutter.embedding.engine.systemchannels.LocalizationChannel$LocalizationMessageHandler localizationMessageHandler -> b
    io.flutter.embedding.engine.systemchannels.LocalizationChannel$LocalizationMessageHandler access$000(io.flutter.embedding.engine.systemchannels.LocalizationChannel) -> a
    void sendLocales(java.util.List) -> a
    void setLocalizationMessageHandler(io.flutter.embedding.engine.systemchannels.LocalizationChannel$LocalizationMessageHandler) -> a
io.flutter.embedding.engine.systemchannels.LocalizationChannel$1 -> io.flutter.embedding.engine.j.f$a:
    io.flutter.embedding.engine.systemchannels.LocalizationChannel this$0 -> a
    void onMethodCall(io.flutter.plugin.common.MethodCall,io.flutter.plugin.common.MethodChannel$Result) -> a
io.flutter.embedding.engine.systemchannels.LocalizationChannel$LocalizationMessageHandler -> io.flutter.embedding.engine.j.f$b:
    java.lang.String getStringResource(java.lang.String,java.lang.String) -> a
io.flutter.embedding.engine.systemchannels.MouseCursorChannel -> io.flutter.embedding.engine.j.g:
    io.flutter.embedding.engine.systemchannels.MouseCursorChannel$MouseCursorMethodHandler mouseCursorMethodHandler -> b
    io.flutter.plugin.common.MethodChannel$MethodCallHandler parsingMethodCallHandler -> c
    io.flutter.plugin.common.MethodChannel channel -> a
    io.flutter.embedding.engine.systemchannels.MouseCursorChannel$MouseCursorMethodHandler access$000(io.flutter.embedding.engine.systemchannels.MouseCursorChannel) -> a
    void setMethodHandler(io.flutter.embedding.engine.systemchannels.MouseCursorChannel$MouseCursorMethodHandler) -> a
io.flutter.embedding.engine.systemchannels.MouseCursorChannel$1 -> io.flutter.embedding.engine.j.g$a:
    io.flutter.embedding.engine.systemchannels.MouseCursorChannel this$0 -> a
    void onMethodCall(io.flutter.plugin.common.MethodCall,io.flutter.plugin.common.MethodChannel$Result) -> a